<?xml version="1.0" encoding="UTF-8"?>
<testsuite name="LargestSeriesProductCalculatorTest" tests="15" skipped="0" failures="0" errors="0" timestamp="2020-04-29T05:36:54" hostname="MLINPU1502-0049" time="0.051">
  <properties/>
  <testcase name="testCorrectlyCalculatesLargestProductOfLengthThreeWithNumbersNotInOrder" classname="LargestSeriesProductCalculatorTest" time="0.002"/>
  <testcase name="testCorrectlyCalculatesLargestProductOfLength0ForEmptyStringToSearch" classname="LargestSeriesProductCalculatorTest" time="0.0"/>
  <testcase name="testCorrectlyCalculatesLargestProductOfZeroIfAllDigitsAreZeroes" classname="LargestSeriesProductCalculatorTest" time="0.001"/>
  <testcase name="testCorrectlyCalculatesLargestProductInLongStringToSearchV1" classname="LargestSeriesProductCalculatorTest" time="0.0"/>
  <testcase name="testSeriesLengthLongerThanLengthOfStringToTestIsRejected" classname="LargestSeriesProductCalculatorTest" time="0.043"/>
  <testcase name="testCorrectlyCalculatesLargestProductOfLength0ForNonEmptyStringToSearch" classname="LargestSeriesProductCalculatorTest" time="0.001"/>
  <testcase name="testCorrectlyCalculatesLargestProductOfLengthThreeWithNumbersInOrder" classname="LargestSeriesProductCalculatorTest" time="0.0"/>
  <testcase name="testCorrectlyCalculatesLargestProductOfZeroIfAllSeriesOfGivenLengthContainZero" classname="LargestSeriesProductCalculatorTest" time="0.0"/>
  <testcase name="testNegativeSeriesLengthIsRejected" classname="LargestSeriesProductCalculatorTest" time="0.001"/>
  <testcase name="testCorrectlyCalculatesLargestProductWhenSeriesLengthEqualsStringToSearchLength" classname="LargestSeriesProductCalculatorTest" time="0.0"/>
  <testcase name="testCorrectlyCalculatesLargestProductOfLengthTwoWithNumbersInOrder" classname="LargestSeriesProductCalculatorTest" time="0.001"/>
  <testcase name="testEmptyStringToSearchAndSeriesOfNonZeroLengthIsRejected" classname="LargestSeriesProductCalculatorTest" time="0.0"/>
  <testcase name="testStringToSearchContainingNonDigitCharacterIsRejected" classname="LargestSeriesProductCalculatorTest" time="0.001"/>
  <testcase name="testCorrectlyCalculatesLargestProductOfLengthFiveWithNumbersInOrder" classname="LargestSeriesProductCalculatorTest" time="0.0"/>
  <testcase name="testCorrectlyCalculatesLargestProductOfLengthTwoWithNumbersNotInOrder" classname="LargestSeriesProductCalculatorTest" time="0.0"/>
  <system-out><![CDATA[]]></system-out>
  <system-err><![CDATA[]]></system-err>
</testsuite>
